<?xml version="1.0" encoding="UTF-8"?>
<!-- Generated by org.testng.reporters.JUnitXMLReporter -->
<testsuite hostname="ICPL12057" ignored="0" name="Simple Test" tests="3" failures="1" timestamp="19 Apr 2018 06:26:56 GMT" time="28.471" errors="0">
  <testcase name="failTest" time="26.417" classname="ExtentReportDemo.ExtentReportDemo.com.DemoExtReport">
    <failure type="java.lang.AssertionError" message="expected [NoTitle] but found [https://www.softwaretestingmaterial.com/]">
      <![CDATA[java.lang.AssertionError: expected [NoTitle] but found [https://www.softwaretestingmaterial.com/]
	at ExtentReportDemo.ExtentReportDemo.com.DemoExtReport.failTest(DemoExtReport.java:67)
... Removed 34 stack frames]]>
    </failure>
  </testcase> <!-- failTest -->
  <testcase name="passTest" time="0.0" classname="ExtentReportDemo.ExtentReportDemo.com.DemoExtReport"/>
  <testcase name="skipTest" time="0.001" classname="ExtentReportDemo.ExtentReportDemo.com.DemoExtReport">
    <skipped/>
  </testcase> <!-- skipTest -->
</testsuite> <!-- Simple Test -->
